  Game.cpp
  main.cpp
  Asteroid.cpp
  EnemyShip.cpp
  Ship.cpp
  ShipBullet.cpp
  Generating code
  Previous IPDB not found, fall back to full compilation.
  All 36 functions were compiled because no usable IPDB/IOBJ from previous compilation was found.
  Finished generating code
raylib.lib(raudio.obj) : warning LNK4099: PDB 'raylib.pdb' was not found with 'raylib.lib(raudio.obj)' or at 'C:\Users\Nico\Asteroids\bin\Win32\Release\raylib.pdb'; linking object as if no debug info
raylib.lib(rcore.obj) : warning LNK4099: PDB 'raylib.pdb' was not found with 'raylib.lib(rcore.obj)' or at 'C:\Users\Nico\Asteroids\bin\Win32\Release\raylib.pdb'; linking object as if no debug info
raylib.lib(rglfw.obj) : warning LNK4099: PDB 'raylib.pdb' was not found with 'raylib.lib(rglfw.obj)' or at 'C:\Users\Nico\Asteroids\bin\Win32\Release\raylib.pdb'; linking object as if no debug info
raylib.lib(rshapes.obj) : warning LNK4099: PDB 'raylib.pdb' was not found with 'raylib.lib(rshapes.obj)' or at 'C:\Users\Nico\Asteroids\bin\Win32\Release\raylib.pdb'; linking object as if no debug info
raylib.lib(rtext.obj) : warning LNK4099: PDB 'raylib.pdb' was not found with 'raylib.lib(rtext.obj)' or at 'C:\Users\Nico\Asteroids\bin\Win32\Release\raylib.pdb'; linking object as if no debug info
raylib.lib(rtextures.obj) : warning LNK4099: PDB 'raylib.pdb' was not found with 'raylib.lib(rtextures.obj)' or at 'C:\Users\Nico\Asteroids\bin\Win32\Release\raylib.pdb'; linking object as if no debug info
raylib.lib(utils.obj) : warning LNK4099: PDB 'raylib.pdb' was not found with 'raylib.lib(utils.obj)' or at 'C:\Users\Nico\Asteroids\bin\Win32\Release\raylib.pdb'; linking object as if no debug info
  ASTEROIDS_RAMOSMARIN.vcxproj -> C:\Users\Nico\Asteroids\bin\Win32\Release\ASTEROIDS_RAMOSMARIN.exe
  C:\Users\Nico\Asteroids\\res\bgMusic.mp3
  C:\Users\Nico\Asteroids\\res\bgmusic.txt
  C:\Users\Nico\Asteroids\\res\candyship.png
  C:\Users\Nico\Asteroids\\res\candyshipmovement.png
  C:\Users\Nico\Asteroids\\res\crashasteroids.txt
  C:\Users\Nico\Asteroids\\res\crashasteroids.wav
  C:\Users\Nico\Asteroids\\res\Credits.png
  C:\Users\Nico\Asteroids\\res\creditsbutton.png
  C:\Users\Nico\Asteroids\\res\cursor.png
  C:\Users\Nico\Asteroids\\res\deathsoundeffect.txt
  C:\Users\Nico\Asteroids\\res\deathsoundeffect.wav
  C:\Users\Nico\Asteroids\\res\enemy1.png
  C:\Users\Nico\Asteroids\\res\enemy2.png
  C:\Users\Nico\Asteroids\\res\enemy3.png
  C:\Users\Nico\Asteroids\\res\enemyship1.png
  C:\Users\Nico\Asteroids\\res\exitbutton.png
  C:\Users\Nico\Asteroids\\res\gametitle.png
  C:\Users\Nico\Asteroids\\res\howtoplay.png
  C:\Users\Nico\Asteroids\\res\howtoplaybutton.png
  C:\Users\Nico\Asteroids\\res\menubg.png
  C:\Users\Nico\Asteroids\\res\menubgbig.png
  C:\Users\Nico\Asteroids\\res\MilkyCoffee.otf
  C:\Users\Nico\Asteroids\\res\MilkyCoffee.txt
  C:\Users\Nico\Asteroids\\res\pew.wav
  C:\Users\Nico\Asteroids\\res\pewsoundeffect.txt
  C:\Users\Nico\Asteroids\\res\playbutton.png
  C:\Users\Nico\Asteroids\\res\shipBullet.png
  C:\Users\Nico\Asteroids\\res\whereIgotIt.txt
  C:\Users\Nico\Asteroids\\res\xbutton.png
  29 File(s) copied
